Build started 29.7.2015 г. 20:35:28 ч..
     1>Project "D:\Works\GameDev\GameDev\MyGame\SpaceGame\SpaceGame\SpaceGame.vcxproj" on node 2 (Build target(s)).
     1>ClCompile:
         D:\Programs\VisualStudio\VC\bin\CL.exe /c /ID:\Works\GameDev\GameDev\MyGame\SpaceGame\SpaceGame\common\include /ID:\Works\GameDev\GameDev\MyGame\SpaceGame\SpaceGame\tools\editor_tileless /ID:\Works\GameDev\GameDev\MyGame\SpaceGame\SpaceGame\irrKlang\include /I..\..\..\..\common\include /Zi /nologo /W3 /WX- /sdl /O2 /Oi /Oy- /GL /D WIN32 /D NDEBUG /D _WINDOWS /D _UNICODE /D UNICODE /Gm- /EHsc /MD /GS /Gy /fp:precise /Zc:wchar_t /Zc:forScope /Fo"Release\\" /Fd"Release\vc120.pdb" /Gd /TP /analyze- /errorReport:prompt Bullet.cpp Controls.cpp ErrorHandler.cpp Main.cpp Object.cpp Planet.cpp Save.cpp Ship.cpp
         Bullet.cpp
     1>Bullet.cpp(18): warning C4244: 'initializing' : conversion from 'double' to 'float', possible loss of data
         Controls.cpp
         ErrorHandler.cpp
         Main.cpp
     1>Main.cpp(62): warning C4244: 'initializing' : conversion from 'double' to 'float', possible loss of data
     1>Main.cpp(65): warning C4244: 'initializing' : conversion from 'double' to 'float', possible loss of data
     1>Main.cpp(66): warning C4244: 'initializing' : conversion from 'double' to 'float', possible loss of data
     1>Main.cpp(69): warning C4244: 'argument' : conversion from 'double' to 'float', possible loss of data
     1>Main.cpp(73): warning C4244: 'argument' : conversion from 'int' to 'const float', possible loss of data
         Object.cpp
     1>Object.cpp(91): warning C4244: 'return' : conversion from 'double' to 'float', possible loss of data
     1>Object.cpp(156): warning C4244: 'argument' : conversion from 'int' to 'float', possible loss of data
     1>Object.cpp(162): warning C4244: 'argument' : conversion from 'int' to 'float', possible loss of data
         Planet.cpp
     1>Planet.cpp(31): warning C4244: 'initializing' : conversion from 'int' to 'float', possible loss of data
     1>Planet.cpp(32): warning C4244: 'initializing' : conversion from 'int' to 'float', possible loss of data
         Save.cpp
     1>Save.cpp(128): warning C4018: '<=' : signed/unsigned mismatch
         Ship.cpp
     1>Ship.cpp(183): warning C4244: 'initializing' : conversion from 'int' to 'float', possible loss of data
     1>Ship.cpp(184): warning C4244: 'initializing' : conversion from 'int' to 'float', possible loss of data
     1>Ship.cpp(187): warning C4244: 'initializing' : conversion from 'double' to 'float', possible loss of data
     1>Ship.cpp(270): warning C4244: 'argument' : conversion from 'double' to 'float', possible loss of data
       Link:
         D:\Programs\VisualStudio\VC\bin\link.exe /ERRORREPORT:PROMPT /OUT:"D:\Works\GameDev\GameDev\MyGame\SpaceGame\Release\SpaceGame.exe" /INCREMENTAL:NO /NOLOGO /LIBPATH:D:\Works\GameDev\GameDev\MyGame\SpaceGame\SpaceGame\bin\win /LIBPATH:"D:\Works\GameDev\GameDev\MyGame\SpaceGame\SpaceGame\irrKlang\lib\Win32-visualStudio" /LIBPATH:../../../../bin/win IndieLib.lib irrKlang.lib IndieLib.lib kernel32.lib user32.lib gdi32.lib winspool.lib comdlg32.lib advapi32.lib shell32.lib ole32.lib oleaut32.lib uuid.lib odbc32.lib odbccp32.lib /MANIFEST /MANIFESTUAC:"level='asInvoker' uiAccess='false'" /manifest:embed /DEBUG /PDB:"D:\Works\GameDev\GameDev\MyGame\SpaceGame\Release\SpaceGame.pdb" /SUBSYSTEM:WINDOWS /OPT:REF /OPT:ICF /LTCG /TLBID:1 /DYNAMICBASE /NXCOMPAT /IMPLIB:"D:\Works\GameDev\GameDev\MyGame\SpaceGame\Release\SpaceGame.lib" /MACHINE:X86 /SAFESEH Release\Bullet.obj
         Release\Controls.obj
         Release\ErrorHandler.obj
         Release\Main.obj
         Release\Object.obj
         Release\Planet.obj
         Release\Save.obj
         Release\Ship.obj
         Release\CIndieLib.obj
         Generating code
         Finished generating code
         SpaceGame.vcxproj -> D:\Works\GameDev\GameDev\MyGame\SpaceGame\Release\SpaceGame.exe
     1>Done Building Project "D:\Works\GameDev\GameDev\MyGame\SpaceGame\SpaceGame\SpaceGame.vcxproj" (Build target(s)).

Build succeeded.

Time Elapsed 00:00:14.31
